38859:C 28 Sep 2022 10:31:01.495 # oO0OoO0OoO0Oo Redis is starting oO0OoO0OoO0Oo
38859:C 28 Sep 2022 10:31:01.495 # Redis version=6.0.16, bits=64, commit=00000000, modified=0, pid=38859, just started
38859:C 28 Sep 2022 10:31:01.495 # Configuration loaded
38859:M 28 Sep 2022 10:31:01.495 * Increased maximum number of open files to 10032 (it was originally set to 1024).
38859:M 28 Sep 2022 10:31:01.496 * Running mode=standalone, port=13000.
38859:M 28 Sep 2022 10:31:01.496 # Server initialized
38859:M 28 Sep 2022 10:31:01.496 # WARNING overcommit_memory is set to 0! Background save may fail under low memory condition. To fix this issue add 'vm.overcommit_memory = 1' to /etc/sysctl.conf and then reboot or run the command 'sysctl vm.overcommit_memory=1' for this to take effect.
38859:M 28 Sep 2022 10:31:01.496 * Ready to accept connections
38859:signal-handler (1664362156) Received SIGTERM scheduling shutdown...
38859:M 28 Sep 2022 10:49:16.994 # User requested shutdown...
38859:M 28 Sep 2022 10:49:16.994 * Removing the pid file.
38859:M 28 Sep 2022 10:49:16.994 # Redis is now ready to exit, bye bye...
745:C 28 Sep 2022 10:50:07.621 # oO0OoO0OoO0Oo Redis is starting oO0OoO0OoO0Oo
745:C 28 Sep 2022 10:50:07.621 # Redis version=6.0.16, bits=64, commit=00000000, modified=0, pid=745, just started
745:C 28 Sep 2022 10:50:07.621 # Configuration loaded
745:M 28 Sep 2022 10:50:07.631 * Increased maximum number of open files to 10032 (it was originally set to 1024).
745:M 28 Sep 2022 10:50:07.648 * Running mode=standalone, port=13000.
745:M 28 Sep 2022 10:50:07.648 # Server initialized
745:M 28 Sep 2022 10:50:07.648 # WARNING overcommit_memory is set to 0! Background save may fail under low memory condition. To fix this issue add 'vm.overcommit_memory = 1' to /etc/sysctl.conf and then reboot or run the command 'sysctl vm.overcommit_memory=1' for this to take effect.
745:M 28 Sep 2022 10:50:07.649 * Ready to accept connections
745:signal-handler (1664364556) Received SIGTERM scheduling shutdown...
745:M 28 Sep 2022 11:29:16.120 # User requested shutdown...
745:M 28 Sep 2022 11:29:16.120 * Removing the pid file.
745:M 28 Sep 2022 11:29:16.120 # Redis is now ready to exit, bye bye...
751:C 28 Sep 2022 11:30:03.381 # oO0OoO0OoO0Oo Redis is starting oO0OoO0OoO0Oo
751:C 28 Sep 2022 11:30:03.381 # Redis version=6.0.16, bits=64, commit=00000000, modified=0, pid=751, just started
751:C 28 Sep 2022 11:30:03.381 # Configuration loaded
751:M 28 Sep 2022 11:30:03.384 * Increased maximum number of open files to 10032 (it was originally set to 1024).
751:M 28 Sep 2022 11:30:03.391 * Running mode=standalone, port=13000.
751:M 28 Sep 2022 11:30:03.391 # Server initialized
751:M 28 Sep 2022 11:30:03.391 # WARNING overcommit_memory is set to 0! Background save may fail under low memory condition. To fix this issue add 'vm.overcommit_memory = 1' to /etc/sysctl.conf and then reboot or run the command 'sysctl vm.overcommit_memory=1' for this to take effect.
751:M 28 Sep 2022 11:30:03.392 * Ready to accept connections
751:signal-handler (1664870783) Received SIGTERM scheduling shutdown...
751:M 04 Oct 2022 08:06:23.384 # User requested shutdown...
751:M 04 Oct 2022 08:06:23.384 * Removing the pid file.
751:M 04 Oct 2022 08:06:23.384 # Redis is now ready to exit, bye bye...
51136:C 04 Oct 2022 08:06:24.466 # oO0OoO0OoO0Oo Redis is starting oO0OoO0OoO0Oo
51136:C 04 Oct 2022 08:06:24.466 # Redis version=6.0.16, bits=64, commit=00000000, modified=0, pid=51136, just started
51136:C 04 Oct 2022 08:06:24.466 # Configuration loaded
51136:M 04 Oct 2022 08:06:24.467 * Increased maximum number of open files to 10032 (it was originally set to 1024).
51136:M 04 Oct 2022 08:06:24.468 * Running mode=standalone, port=13000.
51136:M 04 Oct 2022 08:06:24.468 # Server initialized
51136:M 04 Oct 2022 08:06:24.468 # WARNING overcommit_memory is set to 0! Background save may fail under low memory condition. To fix this issue add 'vm.overcommit_memory = 1' to /etc/sysctl.conf and then reboot or run the command 'sysctl vm.overcommit_memory=1' for this to take effect.
51136:M 04 Oct 2022 08:06:24.471 * Ready to accept connections
51136:signal-handler (1665147668) Received SIGTERM scheduling shutdown...
51136:M 07 Oct 2022 13:01:08.144 # User requested shutdown...
51136:M 07 Oct 2022 13:01:08.144 * Removing the pid file.
51136:M 07 Oct 2022 13:01:08.144 # Redis is now ready to exit, bye bye...
79437:C 07 Oct 2022 13:01:09.281 # oO0OoO0OoO0Oo Redis is starting oO0OoO0OoO0Oo
79437:C 07 Oct 2022 13:01:09.281 # Redis version=6.0.16, bits=64, commit=00000000, modified=0, pid=79437, just started
79437:C 07 Oct 2022 13:01:09.281 # Configuration loaded
79437:M 07 Oct 2022 13:01:09.282 * Increased maximum number of open files to 10032 (it was originally set to 1024).
79437:M 07 Oct 2022 13:01:09.283 * Running mode=standalone, port=13000.
79437:M 07 Oct 2022 13:01:09.283 # Server initialized
79437:M 07 Oct 2022 13:01:09.283 # WARNING overcommit_memory is set to 0! Background save may fail under low memory condition. To fix this issue add 'vm.overcommit_memory = 1' to /etc/sysctl.conf and then reboot or run the command 'sysctl vm.overcommit_memory=1' for this to take effect.
79437:M 07 Oct 2022 13:01:09.283 * Ready to accept connections
79437:signal-handler (1665149234) Received SIGTERM scheduling shutdown...
79437:M 07 Oct 2022 13:27:14.412 # User requested shutdown...
79437:M 07 Oct 2022 13:27:14.412 * Removing the pid file.
79437:M 07 Oct 2022 13:27:14.412 # Redis is now ready to exit, bye bye...
96034:C 07 Oct 2022 13:34:48.723 # oO0OoO0OoO0Oo Redis is starting oO0OoO0OoO0Oo
96034:C 07 Oct 2022 13:34:48.723 # Redis version=6.0.16, bits=64, commit=00000000, modified=0, pid=96034, just started
96034:C 07 Oct 2022 13:34:48.723 # Configuration loaded
96034:M 07 Oct 2022 13:34:48.724 * Increased maximum number of open files to 10032 (it was originally set to 1024).
96034:M 07 Oct 2022 13:34:48.724 * Running mode=standalone, port=13000.
96034:M 07 Oct 2022 13:34:48.724 # Server initialized
96034:M 07 Oct 2022 13:34:48.724 # WARNING overcommit_memory is set to 0! Background save may fail under low memory condition. To fix this issue add 'vm.overcommit_memory = 1' to /etc/sysctl.conf and then reboot or run the command 'sysctl vm.overcommit_memory=1' for this to take effect.
96034:M 07 Oct 2022 13:34:48.725 * Ready to accept connections
96034:signal-handler (1665149756) Received SIGTERM scheduling shutdown...
96034:M 07 Oct 2022 13:35:56.782 # User requested shutdown...
96034:M 07 Oct 2022 13:35:56.782 * Removing the pid file.
96034:M 07 Oct 2022 13:35:56.782 # Redis is now ready to exit, bye bye...
96697:C 07 Oct 2022 13:36:34.817 # oO0OoO0OoO0Oo Redis is starting oO0OoO0OoO0Oo
96697:C 07 Oct 2022 13:36:34.817 # Redis version=6.0.16, bits=64, commit=00000000, modified=0, pid=96697, just started
96697:C 07 Oct 2022 13:36:34.817 # Configuration loaded
96697:M 07 Oct 2022 13:36:34.818 * Increased maximum number of open files to 10032 (it was originally set to 1024).
96697:M 07 Oct 2022 13:36:34.819 * Running mode=standalone, port=13000.
96697:M 07 Oct 2022 13:36:34.819 # Server initialized
96697:M 07 Oct 2022 13:36:34.819 # WARNING overcommit_memory is set to 0! Background save may fail under low memory condition. To fix this issue add 'vm.overcommit_memory = 1' to /etc/sysctl.conf and then reboot or run the command 'sysctl vm.overcommit_memory=1' for this to take effect.
96697:M 07 Oct 2022 13:36:34.819 * Ready to accept connections
96697:signal-handler (1665149815) Received SIGTERM scheduling shutdown...
96697:M 07 Oct 2022 13:36:55.028 # User requested shutdown...
96697:M 07 Oct 2022 13:36:55.028 * Removing the pid file.
96697:M 07 Oct 2022 13:36:55.028 # Redis is now ready to exit, bye bye...
97026:C 07 Oct 2022 13:37:26.517 # oO0OoO0OoO0Oo Redis is starting oO0OoO0OoO0Oo
97026:C 07 Oct 2022 13:37:26.517 # Redis version=6.0.16, bits=64, commit=00000000, modified=0, pid=97026, just started
97026:C 07 Oct 2022 13:37:26.517 # Configuration loaded
97026:M 07 Oct 2022 13:37:26.517 * Increased maximum number of open files to 10032 (it was originally set to 1024).
97026:M 07 Oct 2022 13:37:26.518 * Running mode=standalone, port=13000.
97026:M 07 Oct 2022 13:37:26.518 # Server initialized
97026:M 07 Oct 2022 13:37:26.518 # WARNING overcommit_memory is set to 0! Background save may fail under low memory condition. To fix this issue add 'vm.overcommit_memory = 1' to /etc/sysctl.conf and then reboot or run the command 'sysctl vm.overcommit_memory=1' for this to take effect.
97026:M 07 Oct 2022 13:37:26.519 * Ready to accept connections
97026:signal-handler (1665149921) Received SIGTERM scheduling shutdown...
97026:M 07 Oct 2022 13:38:41.248 # User requested shutdown...
97026:M 07 Oct 2022 13:38:41.248 * Removing the pid file.
97026:M 07 Oct 2022 13:38:41.249 # Redis is now ready to exit, bye bye...
756:C 07 Oct 2022 13:42:32.172 # oO0OoO0OoO0Oo Redis is starting oO0OoO0OoO0Oo
756:C 07 Oct 2022 13:42:32.172 # Redis version=6.0.16, bits=64, commit=00000000, modified=0, pid=756, just started
756:C 07 Oct 2022 13:42:32.172 # Configuration loaded
756:M 07 Oct 2022 13:42:32.173 * Increased maximum number of open files to 10032 (it was originally set to 1024).
756:M 07 Oct 2022 13:42:32.180 * Running mode=standalone, port=13000.
756:M 07 Oct 2022 13:42:32.180 # Server initialized
756:M 07 Oct 2022 13:42:32.180 # WARNING overcommit_memory is set to 0! Background save may fail under low memory condition. To fix this issue add 'vm.overcommit_memory = 1' to /etc/sysctl.conf and then reboot or run the command 'sysctl vm.overcommit_memory=1' for this to take effect.
756:M 07 Oct 2022 13:42:32.181 * Ready to accept connections
756:signal-handler (1665150244) Received SIGTERM scheduling shutdown...
756:M 07 Oct 2022 13:44:04.842 # User requested shutdown...
756:M 07 Oct 2022 13:44:04.842 * Removing the pid file.
756:M 07 Oct 2022 13:44:04.842 # Redis is now ready to exit, bye bye...
2979:C 07 Oct 2022 14:00:33.182 # oO0OoO0OoO0Oo Redis is starting oO0OoO0OoO0Oo
2979:C 07 Oct 2022 14:00:33.182 # Redis version=6.0.16, bits=64, commit=00000000, modified=0, pid=2979, just started
2979:C 07 Oct 2022 14:00:33.182 # Configuration loaded
2979:M 07 Oct 2022 14:00:33.182 * Increased maximum number of open files to 10032 (it was originally set to 1024).
2979:M 07 Oct 2022 14:00:33.183 * Running mode=standalone, port=13000.
2979:M 07 Oct 2022 14:00:33.183 # Server initialized
2979:M 07 Oct 2022 14:00:33.183 # WARNING overcommit_memory is set to 0! Background save may fail under low memory condition. To fix this issue add 'vm.overcommit_memory = 1' to /etc/sysctl.conf and then reboot or run the command 'sysctl vm.overcommit_memory=1' for this to take effect.
2979:M 07 Oct 2022 14:00:33.183 * Ready to accept connections
2979:signal-handler (1665151325) Received SIGTERM scheduling shutdown...
2979:M 07 Oct 2022 14:02:05.415 # User requested shutdown...
2979:M 07 Oct 2022 14:02:05.415 * Removing the pid file.
2979:M 07 Oct 2022 14:02:05.415 # Redis is now ready to exit, bye bye...
3163:C 07 Oct 2022 14:02:06.090 # oO0OoO0OoO0Oo Redis is starting oO0OoO0OoO0Oo
3163:C 07 Oct 2022 14:02:06.090 # Redis version=6.0.16, bits=64, commit=00000000, modified=0, pid=3163, just started
3163:C 07 Oct 2022 14:02:06.090 # Configuration loaded
3163:M 07 Oct 2022 14:02:06.094 * Increased maximum number of open files to 10032 (it was originally set to 1024).
3163:M 07 Oct 2022 14:02:06.095 * Running mode=standalone, port=13000.
3163:M 07 Oct 2022 14:02:06.095 # Server initialized
3163:M 07 Oct 2022 14:02:06.095 # WARNING overcommit_memory is set to 0! Background save may fail under low memory condition. To fix this issue add 'vm.overcommit_memory = 1' to /etc/sysctl.conf and then reboot or run the command 'sysctl vm.overcommit_memory=1' for this to take effect.
3163:M 07 Oct 2022 14:02:06.095 * Ready to accept connections
3163:signal-handler (1665151415) Received SIGTERM scheduling shutdown...
3163:M 07 Oct 2022 14:03:35.752 # User requested shutdown...
3163:M 07 Oct 2022 14:03:35.752 * Removing the pid file.
3163:M 07 Oct 2022 14:03:35.752 # Redis is now ready to exit, bye bye...
3329:C 07 Oct 2022 14:03:36.429 # oO0OoO0OoO0Oo Redis is starting oO0OoO0OoO0Oo
3329:C 07 Oct 2022 14:03:36.429 # Redis version=6.0.16, bits=64, commit=00000000, modified=0, pid=3329, just started
3329:C 07 Oct 2022 14:03:36.429 # Configuration loaded
3329:M 07 Oct 2022 14:03:36.429 * Increased maximum number of open files to 10032 (it was originally set to 1024).
3329:M 07 Oct 2022 14:03:36.430 * Running mode=standalone, port=13000.
3329:M 07 Oct 2022 14:03:36.430 # Server initialized
3329:M 07 Oct 2022 14:03:36.430 # WARNING overcommit_memory is set to 0! Background save may fail under low memory condition. To fix this issue add 'vm.overcommit_memory = 1' to /etc/sysctl.conf and then reboot or run the command 'sysctl vm.overcommit_memory=1' for this to take effect.
3329:M 07 Oct 2022 14:03:36.430 * Ready to accept connections
3329:signal-handler (1665474487) Received SIGTERM scheduling shutdown...
3329:M 11 Oct 2022 07:48:07.214 # User requested shutdown...
3329:M 11 Oct 2022 07:48:07.214 * Removing the pid file.
3329:M 11 Oct 2022 07:48:07.214 # Redis is now ready to exit, bye bye...
774:C 11 Oct 2022 07:48:54.558 # oO0OoO0OoO0Oo Redis is starting oO0OoO0OoO0Oo
774:C 11 Oct 2022 07:48:54.558 # Redis version=6.0.16, bits=64, commit=00000000, modified=0, pid=774, just started
774:C 11 Oct 2022 07:48:54.558 # Configuration loaded
774:M 11 Oct 2022 07:48:54.559 * Increased maximum number of open files to 10032 (it was originally set to 1024).
774:M 11 Oct 2022 07:48:54.567 * Running mode=standalone, port=13000.
774:M 11 Oct 2022 07:48:54.567 # Server initialized
774:M 11 Oct 2022 07:48:54.567 # WARNING overcommit_memory is set to 0! Background save may fail under low memory condition. To fix this issue add 'vm.overcommit_memory = 1' to /etc/sysctl.conf and then reboot or run the command 'sysctl vm.overcommit_memory=1' for this to take effect.
774:M 11 Oct 2022 07:48:54.581 * Ready to accept connections
774:signal-handler (1665487274) Received SIGTERM scheduling shutdown...
774:M 11 Oct 2022 11:21:14.249 # User requested shutdown...
774:M 11 Oct 2022 11:21:14.249 * Removing the pid file.
774:M 11 Oct 2022 11:21:14.249 # Redis is now ready to exit, bye bye...
752:C 11 Oct 2022 11:22:02.606 # oO0OoO0OoO0Oo Redis is starting oO0OoO0OoO0Oo
752:C 11 Oct 2022 11:22:02.606 # Redis version=6.0.16, bits=64, commit=00000000, modified=0, pid=752, just started
752:C 11 Oct 2022 11:22:02.606 # Configuration loaded
752:M 11 Oct 2022 11:22:02.606 * Increased maximum number of open files to 10032 (it was originally set to 1024).
752:M 11 Oct 2022 11:22:02.615 * Running mode=standalone, port=13000.
752:M 11 Oct 2022 11:22:02.615 # Server initialized
752:M 11 Oct 2022 11:22:02.615 # WARNING overcommit_memory is set to 0! Background save may fail under low memory condition. To fix this issue add 'vm.overcommit_memory = 1' to /etc/sysctl.conf and then reboot or run the command 'sysctl vm.overcommit_memory=1' for this to take effect.
752:M 11 Oct 2022 11:22:02.616 * Ready to accept connections
752:signal-handler (1665579480) Received SIGTERM scheduling shutdown...
752:M 12 Oct 2022 12:58:00.830 # User requested shutdown...
752:M 12 Oct 2022 12:58:00.830 * Removing the pid file.
752:M 12 Oct 2022 12:58:00.831 # Redis is now ready to exit, bye bye...
778:C 12 Oct 2022 12:58:49.466 # oO0OoO0OoO0Oo Redis is starting oO0OoO0OoO0Oo
778:C 12 Oct 2022 12:58:49.466 # Redis version=6.0.16, bits=64, commit=00000000, modified=0, pid=778, just started
778:C 12 Oct 2022 12:58:49.466 # Configuration loaded
778:M 12 Oct 2022 12:58:49.478 * Increased maximum number of open files to 10032 (it was originally set to 1024).
778:M 12 Oct 2022 12:58:49.487 * Running mode=standalone, port=13000.
778:M 12 Oct 2022 12:58:49.489 # Server initialized
778:M 12 Oct 2022 12:58:49.489 # WARNING overcommit_memory is set to 0! Background save may fail under low memory condition. To fix this issue add 'vm.overcommit_memory = 1' to /etc/sysctl.conf and then reboot or run the command 'sysctl vm.overcommit_memory=1' for this to take effect.
778:M 12 Oct 2022 12:58:49.492 * Ready to accept connections
778:signal-handler (1665808345) Received SIGTERM scheduling shutdown...
778:M 15 Oct 2022 04:32:25.086 # User requested shutdown...
778:M 15 Oct 2022 04:32:25.086 * Removing the pid file.
778:M 15 Oct 2022 04:32:25.087 # Redis is now ready to exit, bye bye...
768:C 15 Oct 2022 04:33:13.683 # oO0OoO0OoO0Oo Redis is starting oO0OoO0OoO0Oo
768:C 15 Oct 2022 04:33:13.683 # Redis version=6.0.16, bits=64, commit=00000000, modified=0, pid=768, just started
768:C 15 Oct 2022 04:33:13.683 # Configuration loaded
768:M 15 Oct 2022 04:33:13.684 * Increased maximum number of open files to 10032 (it was originally set to 1024).
768:M 15 Oct 2022 04:33:13.685 * Running mode=standalone, port=13000.
768:M 15 Oct 2022 04:33:13.685 # Server initialized
768:M 15 Oct 2022 04:33:13.685 # WARNING overcommit_memory is set to 0! Background save may fail under low memory condition. To fix this issue add 'vm.overcommit_memory = 1' to /etc/sysctl.conf and then reboot or run the command 'sysctl vm.overcommit_memory=1' for this to take effect.
768:M 15 Oct 2022 04:33:13.687 * Ready to accept connections
768:signal-handler (1665808732) Received SIGTERM scheduling shutdown...
768:M 15 Oct 2022 04:38:52.548 # User requested shutdown...
768:M 15 Oct 2022 04:38:52.548 * Removing the pid file.
768:M 15 Oct 2022 04:38:52.548 # Redis is now ready to exit, bye bye...
755:C 15 Oct 2022 04:39:38.632 # oO0OoO0OoO0Oo Redis is starting oO0OoO0OoO0Oo
755:C 15 Oct 2022 04:39:38.632 # Redis version=6.0.16, bits=64, commit=00000000, modified=0, pid=755, just started
755:C 15 Oct 2022 04:39:38.632 # Configuration loaded
755:M 15 Oct 2022 04:39:38.634 * Increased maximum number of open files to 10032 (it was originally set to 1024).
755:M 15 Oct 2022 04:39:38.642 * Running mode=standalone, port=13000.
755:M 15 Oct 2022 04:39:38.642 # Server initialized
755:M 15 Oct 2022 04:39:38.642 # WARNING overcommit_memory is set to 0! Background save may fail under low memory condition. To fix this issue add 'vm.overcommit_memory = 1' to /etc/sysctl.conf and then reboot or run the command 'sysctl vm.overcommit_memory=1' for this to take effect.
755:M 15 Oct 2022 04:39:38.645 * Ready to accept connections
755:signal-handler (1665826521) Received SIGTERM scheduling shutdown...
755:M 15 Oct 2022 09:35:21.873 # User requested shutdown...
755:M 15 Oct 2022 09:35:21.873 * Removing the pid file.
755:M 15 Oct 2022 09:35:21.873 # Redis is now ready to exit, bye bye...
757:C 15 Oct 2022 09:36:10.127 # oO0OoO0OoO0Oo Redis is starting oO0OoO0OoO0Oo
757:C 15 Oct 2022 09:36:10.127 # Redis version=6.0.16, bits=64, commit=00000000, modified=0, pid=757, just started
757:C 15 Oct 2022 09:36:10.127 # Configuration loaded
757:M 15 Oct 2022 09:36:10.127 * Increased maximum number of open files to 10032 (it was originally set to 1024).
757:M 15 Oct 2022 09:36:10.135 * Running mode=standalone, port=13000.
757:M 15 Oct 2022 09:36:10.135 # Server initialized
757:M 15 Oct 2022 09:36:10.135 # WARNING overcommit_memory is set to 0! Background save may fail under low memory condition. To fix this issue add 'vm.overcommit_memory = 1' to /etc/sysctl.conf and then reboot or run the command 'sysctl vm.overcommit_memory=1' for this to take effect.
757:M 15 Oct 2022 09:36:10.136 * Ready to accept connections
