16:11:31 Cleaning registries for queue: home-ubuntu-frappe-bench:long
16:30:24 home-ubuntu-frappe-bench:long: frappe.utils.background_jobs.execute_job(event=None, is_async=True, job_name='frappe.core.doctype.scheduled_job_type.scheduled_job_type.run_scheduled_jo..., kwargs={'job_type': 'erpnext.bulk_transaction.doctype.bulk_transaction_log.bulk_tr..., method='frappe.core.doctype.scheduled_job_type.scheduled_job_type.run_scheduled_jo..., site='erp.knestcrm.com', user='Administrator') (4eecf5ea-f0a7-4c18-9fec-8157bd3d2662)
16:30:25 home-ubuntu-frappe-bench:long: Job OK (4eecf5ea-f0a7-4c18-9fec-8157bd3d2662)
16:30:25 Result is kept for 600 seconds
16:30:25 home-ubuntu-frappe-bench:long: frappe.utils.background_jobs.execute_job(event=None, is_async=True, job_name='frappe.core.doctype.scheduled_job_type.scheduled_job_type.run_scheduled_jo..., kwargs={'job_type': 'erpnext.stock.doctype.repost_item_valuation.repost_item_valua..., method='frappe.core.doctype.scheduled_job_type.scheduled_job_type.run_scheduled_jo..., site='erp.knestcrm.com', user='Administrator') (c419ba74-b2f5-48ce-90a9-b96fea612637)
16:30:25 home-ubuntu-frappe-bench:long: Job OK (c419ba74-b2f5-48ce-90a9-b96fea612637)
16:30:25 Result is kept for 600 seconds
16:30:25 home-ubuntu-frappe-bench:long: frappe.utils.background_jobs.execute_job(event=None, is_async=True, job_name='frappe.core.doctype.scheduled_job_type.scheduled_job_type.run_scheduled_jo..., kwargs={'job_type': 'erpnext.bulk_transaction.doctype.bulk_transaction_log.bulk_tr..., method='frappe.core.doctype.scheduled_job_type.scheduled_job_type.run_scheduled_jo..., site='vertical.knestcrm.com', user='Administrator') (f32e2336-183f-4d46-a863-1a49fd6d7cff)
16:30:25 home-ubuntu-frappe-bench:long: Job OK (f32e2336-183f-4d46-a863-1a49fd6d7cff)
16:30:25 Result is kept for 600 seconds
16:30:25 home-ubuntu-frappe-bench:long: frappe.utils.background_jobs.execute_job(event=None, is_async=True, job_name='frappe.core.doctype.scheduled_job_type.scheduled_job_type.run_scheduled_jo..., kwargs={'job_type': 'erpnext.stock.doctype.repost_item_valuation.repost_item_valua..., method='frappe.core.doctype.scheduled_job_type.scheduled_job_type.run_scheduled_jo..., site='vertical.knestcrm.com', user='Administrator') (bd23bf2a-a60e-4e3a-b781-38af0159af3a)
16:30:25 home-ubuntu-frappe-bench:long: Job OK (bd23bf2a-a60e-4e3a-b781-38af0159af3a)
16:30:25 Result is kept for 600 seconds
16:37:10 Cleaning registries for queue: home-ubuntu-frappe-bench:long
17:04:11 Cleaning registries for queue: home-ubuntu-frappe-bench:long
17:30:50 home-ubuntu-frappe-bench:long: frappe.utils.background_jobs.execute_job(event=None, is_async=True, job_name='frappe.core.doctype.scheduled_job_type.scheduled_job_type.run_scheduled_jo..., kwargs={'job_type': 'erpnext.bulk_transaction.doctype.bulk_transaction_log.bulk_tr..., method='frappe.core.doctype.scheduled_job_type.scheduled_job_type.run_scheduled_jo..., site='erp.knestcrm.com', user='Administrator') (4b3f13e5-4ad5-43fb-870a-6ba035fdf20e)
17:30:50 home-ubuntu-frappe-bench:long: Job OK (4b3f13e5-4ad5-43fb-870a-6ba035fdf20e)
17:30:50 Result is kept for 600 seconds
17:30:50 Cleaning registries for queue: home-ubuntu-frappe-bench:long
17:30:50 home-ubuntu-frappe-bench:long: frappe.utils.background_jobs.execute_job(event=None, is_async=True, job_name='frappe.core.doctype.scheduled_job_type.scheduled_job_type.run_scheduled_jo..., kwargs={'job_type': 'erpnext.stock.doctype.repost_item_valuation.repost_item_valua..., method='frappe.core.doctype.scheduled_job_type.scheduled_job_type.run_scheduled_jo..., site='erp.knestcrm.com', user='Administrator') (fe18458c-1139-49e0-98fb-5b5247f9fb77)
17:30:50 home-ubuntu-frappe-bench:long: Job OK (fe18458c-1139-49e0-98fb-5b5247f9fb77)
17:30:50 Result is kept for 600 seconds
17:30:51 home-ubuntu-frappe-bench:long: frappe.utils.background_jobs.execute_job(event=None, is_async=True, job_name='frappe.core.doctype.scheduled_job_type.scheduled_job_type.run_scheduled_jo..., kwargs={'job_type': 'erpnext.bulk_transaction.doctype.bulk_transaction_log.bulk_tr..., method='frappe.core.doctype.scheduled_job_type.scheduled_job_type.run_scheduled_jo..., site='vertical.knestcrm.com', user='Administrator') (c489f444-0b32-45f8-98f8-c4362e705a23)
17:30:51 home-ubuntu-frappe-bench:long: Job OK (c489f444-0b32-45f8-98f8-c4362e705a23)
17:30:51 Result is kept for 600 seconds
17:30:51 home-ubuntu-frappe-bench:long: frappe.utils.background_jobs.execute_job(event=None, is_async=True, job_name='frappe.core.doctype.scheduled_job_type.scheduled_job_type.run_scheduled_jo..., kwargs={'job_type': 'erpnext.stock.doctype.repost_item_valuation.repost_item_valua..., method='frappe.core.doctype.scheduled_job_type.scheduled_job_type.run_scheduled_jo..., site='vertical.knestcrm.com', user='Administrator') (7bdbebf6-58ba-4872-ad19-844921d8c9b0)
17:30:51 home-ubuntu-frappe-bench:long: Job OK (7bdbebf6-58ba-4872-ad19-844921d8c9b0)
17:30:51 Result is kept for 600 seconds
17:57:51 Cleaning registries for queue: home-ubuntu-frappe-bench:long
18:24:52 Cleaning registries for queue: home-ubuntu-frappe-bench:long
18:30:16 home-ubuntu-frappe-bench:long: frappe.utils.background_jobs.execute_job(event=None, is_async=True, job_name='frappe.core.doctype.scheduled_job_type.scheduled_job_type.run_scheduled_jo..., kwargs={'job_type': 'hrms.hr.utils.allocate_earned_leaves'}, method='frappe.core.doctype.scheduled_job_type.scheduled_job_type.run_scheduled_jo..., site='erp.knestcrm.com', user='Administrator') (b707fb78-469f-4103-bba6-4cb16c1956ac)
18:30:17 home-ubuntu-frappe-bench:long: Job OK (b707fb78-469f-4103-bba6-4cb16c1956ac)
18:30:17 Result is kept for 600 seconds
18:30:17 home-ubuntu-frappe-bench:long: frappe.utils.background_jobs.execute_job(event=None, is_async=True, job_name='frappe.core.doctype.scheduled_job_type.scheduled_job_type.run_scheduled_jo..., kwargs={'job_type': 'hrms.hr.utils.generate_leave_encashment'}, method='frappe.core.doctype.scheduled_job_type.scheduled_job_type.run_scheduled_jo..., site='erp.knestcrm.com', user='Administrator') (9d9bea37-e585-421a-878f-5ddd6a64cf99)
18:30:17 home-ubuntu-frappe-bench:long: Job OK (9d9bea37-e585-421a-878f-5ddd6a64cf99)
18:30:17 Result is kept for 600 seconds
18:30:17 home-ubuntu-frappe-bench:long: frappe.utils.background_jobs.execute_job(event=None, is_async=True, job_name='frappe.core.doctype.scheduled_job_type.scheduled_job_type.run_scheduled_jo..., kwargs={'job_type': 'hrms.hr.doctype.leave_ledger_entry.leave_ledger_entry.process..., method='frappe.core.doctype.scheduled_job_type.scheduled_job_type.run_scheduled_jo..., site='erp.knestcrm.com', user='Administrator') (8c0069da-6229-41e6-83e6-0c71ffc80137)
18:30:17 home-ubuntu-frappe-bench:long: Job OK (8c0069da-6229-41e6-83e6-0c71ffc80137)
18:30:17 Result is kept for 600 seconds
18:30:17 home-ubuntu-frappe-bench:long: frappe.utils.background_jobs.execute_job(event=None, is_async=True, job_name='frappe.core.doctype.scheduled_job_type.scheduled_job_type.run_scheduled_jo..., kwargs={'job_type': 'erpnext.bulk_transaction.doctype.bulk_transaction_log.bulk_tr..., method='frappe.core.doctype.scheduled_job_type.scheduled_job_type.run_scheduled_jo..., site='erp.knestcrm.com', user='Administrator') (856aa7e0-537c-48a5-8855-055b21f79d56)
18:30:17 home-ubuntu-frappe-bench:long: Job OK (856aa7e0-537c-48a5-8855-055b21f79d56)
18:30:17 Result is kept for 600 seconds
18:30:17 home-ubuntu-frappe-bench:long: frappe.utils.background_jobs.execute_job(event=None, is_async=True, job_name='frappe.core.doctype.scheduled_job_type.scheduled_job_type.run_scheduled_jo..., kwargs={'job_type': 'erpnext.stock.doctype.repost_item_valuation.repost_item_valua..., method='frappe.core.doctype.scheduled_job_type.scheduled_job_type.run_scheduled_jo..., site='erp.knestcrm.com', user='Administrator') (8e5780d1-8a20-4cc1-814b-cf7eb136f263)
18:30:18 home-ubuntu-frappe-bench:long: Job OK (8e5780d1-8a20-4cc1-814b-cf7eb136f263)
18:30:18 Result is kept for 600 seconds
18:30:18 home-ubuntu-frappe-bench:long: frappe.utils.background_jobs.execute_job(event=None, is_async=True, job_name='frappe.core.doctype.scheduled_job_type.scheduled_job_type.run_scheduled_jo..., kwargs={'job_type': 'erpnext.crm.utils.open_leads_opportunities_based_on_todays_ev..., method='frappe.core.doctype.scheduled_job_type.scheduled_job_type.run_scheduled_jo..., site='erp.knestcrm.com', user='Administrator') (f5146cbf-5d8d-4528-92cf-825e77266698)
18:30:18 home-ubuntu-frappe-bench:long: Job OK (f5146cbf-5d8d-4528-92cf-825e77266698)
18:30:18 Result is kept for 600 seconds
18:30:18 home-ubuntu-frappe-bench:long: frappe.utils.background_jobs.execute_job(event=None, is_async=True, job_name='frappe.core.doctype.scheduled_job_type.scheduled_job_type.run_scheduled_jo..., kwargs={'job_type': 'erpnext.loan_management.doctype.process_loan_interest_accrual..., method='frappe.core.doctype.scheduled_job_type.scheduled_job_type.run_scheduled_jo..., site='erp.knestcrm.com', user='Administrator') (12e0fc3c-7ce7-4f47-8eaf-02bbb3f0136a)
18:30:19 home-ubuntu-frappe-bench:long: Job OK (12e0fc3c-7ce7-4f47-8eaf-02bbb3f0136a)
18:30:19 Result is kept for 600 seconds
18:30:19 home-ubuntu-frappe-bench:long: frappe.utils.background_jobs.execute_job(event=None, is_async=True, job_name='frappe.core.doctype.scheduled_job_type.scheduled_job_type.run_scheduled_jo..., kwargs={'job_type': 'erpnext.loan_management.doctype.process_loan_security_shortfa..., method='frappe.core.doctype.scheduled_job_type.scheduled_job_type.run_scheduled_jo..., site='erp.knestcrm.com', user='Administrator') (bebd39ba-4f75-493a-904d-203ab0051caa)
18:30:19 home-ubuntu-frappe-bench:long: Job OK (bebd39ba-4f75-493a-904d-203ab0051caa)
18:30:19 Result is kept for 600 seconds
18:30:19 home-ubuntu-frappe-bench:long: frappe.utils.background_jobs.execute_job(event=None, is_async=True, job_name='frappe.core.doctype.scheduled_job_type.scheduled_job_type.run_scheduled_jo..., kwargs={'job_type': 'erpnext.manufacturing.doctype.bom_update_tool.bom_update_tool..., method='frappe.core.doctype.scheduled_job_type.scheduled_job_type.run_scheduled_jo..., site='erp.knestcrm.com', user='Administrator') (d1af45c6-fe9d-488b-bb9d-5503ec3ed2d5)
18:30:19 home-ubuntu-frappe-bench:long: Job OK (d1af45c6-fe9d-488b-bb9d-5503ec3ed2d5)
18:30:19 Result is kept for 600 seconds
18:30:19 home-ubuntu-frappe-bench:long: frappe.utils.background_jobs.execute_job(event=None, is_async=True, job_name='frappe.core.doctype.scheduled_job_type.scheduled_job_type.run_scheduled_jo..., kwargs={'job_type': 'erpnext.setup.doctype.email_digest.email_digest.send'}, method='frappe.core.doctype.scheduled_job_type.scheduled_job_type.run_scheduled_jo..., site='erp.knestcrm.com', user='Administrator') (12e54397-2762-45b6-aef5-310a36c3e622)
18:30:21 home-ubuntu-frappe-bench:long: Job OK (12e54397-2762-45b6-aef5-310a36c3e622)
18:30:21 Result is kept for 600 seconds
18:30:21 home-ubuntu-frappe-bench:long: frappe.utils.background_jobs.execute_job(event=None, is_async=True, job_name='frappe.core.doctype.scheduled_job_type.scheduled_job_type.run_scheduled_jo..., kwargs={'job_type': 'frappe.integrations.doctype.google_drive.google_drive.daily_b..., method='frappe.core.doctype.scheduled_job_type.scheduled_job_type.run_scheduled_jo..., site='erp.knestcrm.com', user='Administrator') (32794299-6e53-4d07-97f8-df65c186146a)
18:30:22 home-ubuntu-frappe-bench:long: Job OK (32794299-6e53-4d07-97f8-df65c186146a)
18:30:22 Result is kept for 600 seconds
18:30:22 home-ubuntu-frappe-bench:long: frappe.utils.background_jobs.execute_job(event=None, is_async=True, job_name='frappe.core.doctype.scheduled_job_type.scheduled_job_type.run_scheduled_jo..., kwargs={'job_type': 'frappe.email.doctype.auto_email_report.auto_email_report.send..., method='frappe.core.doctype.scheduled_job_type.scheduled_job_type.run_scheduled_jo..., site='erp.knestcrm.com', user='Administrator') (570fc28d-fd38-458d-be0e-369f46b3b2c5)
18:30:22 home-ubuntu-frappe-bench:long: Job OK (570fc28d-fd38-458d-be0e-369f46b3b2c5)
18:30:22 Result is kept for 600 seconds
18:30:22 home-ubuntu-frappe-bench:long: frappe.utils.background_jobs.execute_job(event=None, is_async=True, job_name='frappe.core.doctype.scheduled_job_type.scheduled_job_type.run_scheduled_jo..., kwargs={'job_type': 'frappe.integrations.doctype.s3_backup_settings.s3_backup_sett..., method='frappe.core.doctype.scheduled_job_type.scheduled_job_type.run_scheduled_jo..., site='erp.knestcrm.com', user='Administrator') (df3d66b8-0666-4347-88ce-f69cf253480a)
Uploading file: ./erp.knestcrm.com/private/backups/20230228_000023-erp_knestcrm_com-database.sql.gz
Uploading file: ./erp.knestcrm.com/private/backups/20230228_000023-erp_knestcrm_com-site_config_backup.json
Uploading file: ./erp.knestcrm.com/private/backups/20230228_000023-erp_knestcrm_com-private-files.tar
Uploading file: ./erp.knestcrm.com/private/backups/20230228_000023-erp_knestcrm_com-files.tar
18:30:30 home-ubuntu-frappe-bench:long: Job OK (df3d66b8-0666-4347-88ce-f69cf253480a)
18:30:30 Result is kept for 600 seconds
18:30:30 home-ubuntu-frappe-bench:long: frappe.utils.background_jobs.execute_job(event=None, is_async=True, job_name='frappe.core.doctype.scheduled_job_type.scheduled_job_type.run_scheduled_jo..., kwargs={'job_type': 'frappe.utils.change_log.check_for_update'}, method='frappe.core.doctype.scheduled_job_type.scheduled_job_type.run_scheduled_jo..., site='erp.knestcrm.com', user='Administrator') (f2960779-e559-4141-b76e-d32a8c3820d5)
18:30:31 home-ubuntu-frappe-bench:long: Job OK (f2960779-e559-4141-b76e-d32a8c3820d5)
18:30:31 Result is kept for 600 seconds
18:30:31 home-ubuntu-frappe-bench:long: frappe.utils.background_jobs.execute_job(event=None, is_async=True, job_name='frappe.core.doctype.scheduled_job_type.scheduled_job_type.run_scheduled_jo..., kwargs={'job_type': 'frappe.integrations.doctype.dropbox_settings.dropbox_settings..., method='frappe.core.doctype.scheduled_job_type.scheduled_job_type.run_scheduled_jo..., site='erp.knestcrm.com', user='Administrator') (4f755db3-a1b5-4b0f-a3f1-47c8edd01798)
18:30:31 home-ubuntu-frappe-bench:long: Job OK (4f755db3-a1b5-4b0f-a3f1-47c8edd01798)
18:30:31 Result is kept for 600 seconds
18:30:31 home-ubuntu-frappe-bench:long: frappe.utils.background_jobs.execute_job(event=None, is_async=True, job_name='frappe.core.doctype.scheduled_job_type.scheduled_job_type.run_scheduled_jo..., kwargs={'job_type': 'hrms.hr.utils.allocate_earned_leaves'}, method='frappe.core.doctype.scheduled_job_type.scheduled_job_type.run_scheduled_jo..., site='vertical.knestcrm.com', user='Administrator') (6db2d36f-253e-42af-b1bf-a7081169621a)
18:30:31 home-ubuntu-frappe-bench:long: Job OK (6db2d36f-253e-42af-b1bf-a7081169621a)
18:30:31 Result is kept for 600 seconds
18:30:31 home-ubuntu-frappe-bench:long: frappe.utils.background_jobs.execute_job(event=None, is_async=True, job_name='frappe.core.doctype.scheduled_job_type.scheduled_job_type.run_scheduled_jo..., kwargs={'job_type': 'hrms.hr.utils.generate_leave_encashment'}, method='frappe.core.doctype.scheduled_job_type.scheduled_job_type.run_scheduled_jo..., site='vertical.knestcrm.com', user='Administrator') (079dfae0-6f9a-4bb6-95d8-b44ef98980bd)
18:30:31 home-ubuntu-frappe-bench:long: Job OK (079dfae0-6f9a-4bb6-95d8-b44ef98980bd)
18:30:31 Result is kept for 600 seconds
18:30:31 home-ubuntu-frappe-bench:long: frappe.utils.background_jobs.execute_job(event=None, is_async=True, job_name='frappe.core.doctype.scheduled_job_type.scheduled_job_type.run_scheduled_jo..., kwargs={'job_type': 'hrms.hr.doctype.leave_ledger_entry.leave_ledger_entry.process..., method='frappe.core.doctype.scheduled_job_type.scheduled_job_type.run_scheduled_jo..., site='vertical.knestcrm.com', user='Administrator') (19ffa81b-ebda-4ad3-85d4-7715343c7cea)
18:30:32 home-ubuntu-frappe-bench:long: Job OK (19ffa81b-ebda-4ad3-85d4-7715343c7cea)
18:30:32 Result is kept for 600 seconds
18:30:32 home-ubuntu-frappe-bench:long: frappe.utils.background_jobs.execute_job(event=None, is_async=True, job_name='frappe.core.doctype.scheduled_job_type.scheduled_job_type.run_scheduled_jo..., kwargs={'job_type': 'erpnext.bulk_transaction.doctype.bulk_transaction_log.bulk_tr..., method='frappe.core.doctype.scheduled_job_type.scheduled_job_type.run_scheduled_jo..., site='vertical.knestcrm.com', user='Administrator') (5ecd092e-8d58-4e02-a3bd-ba7e8bc4ad3e)
18:30:32 home-ubuntu-frappe-bench:long: Job OK (5ecd092e-8d58-4e02-a3bd-ba7e8bc4ad3e)
18:30:32 Result is kept for 600 seconds
18:30:32 home-ubuntu-frappe-bench:long: frappe.utils.background_jobs.execute_job(event=None, is_async=True, job_name='frappe.core.doctype.scheduled_job_type.scheduled_job_type.run_scheduled_jo..., kwargs={'job_type': 'erpnext.stock.doctype.repost_item_valuation.repost_item_valua..., method='frappe.core.doctype.scheduled_job_type.scheduled_job_type.run_scheduled_jo..., site='vertical.knestcrm.com', user='Administrator') (7d77f551-8c7d-4380-acef-417bb7feff2c)
18:30:32 home-ubuntu-frappe-bench:long: Job OK (7d77f551-8c7d-4380-acef-417bb7feff2c)
18:30:32 Result is kept for 600 seconds
18:30:32 home-ubuntu-frappe-bench:long: frappe.utils.background_jobs.execute_job(event=None, is_async=True, job_name='frappe.core.doctype.scheduled_job_type.scheduled_job_type.run_scheduled_jo..., kwargs={'job_type': 'erpnext.crm.utils.open_leads_opportunities_based_on_todays_ev..., method='frappe.core.doctype.scheduled_job_type.scheduled_job_type.run_scheduled_jo..., site='vertical.knestcrm.com', user='Administrator') (9a44d9a7-d9ef-4453-90a5-c5b3ca18efce)
18:30:32 home-ubuntu-frappe-bench:long: Job OK (9a44d9a7-d9ef-4453-90a5-c5b3ca18efce)
18:30:32 Result is kept for 600 seconds
18:30:32 home-ubuntu-frappe-bench:long: frappe.utils.background_jobs.execute_job(event=None, is_async=True, job_name='frappe.core.doctype.scheduled_job_type.scheduled_job_type.run_scheduled_jo..., kwargs={'job_type': 'erpnext.loan_management.doctype.process_loan_interest_accrual..., method='frappe.core.doctype.scheduled_job_type.scheduled_job_type.run_scheduled_jo..., site='vertical.knestcrm.com', user='Administrator') (65cc65f6-0a22-4f07-a9b2-bdccf22d9f3a)
18:30:33 home-ubuntu-frappe-bench:long: Job OK (65cc65f6-0a22-4f07-a9b2-bdccf22d9f3a)
18:30:33 Result is kept for 600 seconds
18:30:33 home-ubuntu-frappe-bench:long: frappe.utils.background_jobs.execute_job(event=None, is_async=True, job_name='frappe.core.doctype.scheduled_job_type.scheduled_job_type.run_scheduled_jo..., kwargs={'job_type': 'erpnext.loan_management.doctype.process_loan_security_shortfa..., method='frappe.core.doctype.scheduled_job_type.scheduled_job_type.run_scheduled_jo..., site='vertical.knestcrm.com', user='Administrator') (52147b6a-6e0a-4818-b001-8ef5cbb0d741)
18:30:33 home-ubuntu-frappe-bench:long: Job OK (52147b6a-6e0a-4818-b001-8ef5cbb0d741)
18:30:33 Result is kept for 600 seconds
18:30:33 home-ubuntu-frappe-bench:long: frappe.utils.background_jobs.execute_job(event=None, is_async=True, job_name='frappe.core.doctype.scheduled_job_type.scheduled_job_type.run_scheduled_jo..., kwargs={'job_type': 'erpnext.manufacturing.doctype.bom_update_tool.bom_update_tool..., method='frappe.core.doctype.scheduled_job_type.scheduled_job_type.run_scheduled_jo..., site='vertical.knestcrm.com', user='Administrator') (a6ac54cd-a232-4900-9070-924b4eb81194)
18:30:33 home-ubuntu-frappe-bench:long: Job OK (a6ac54cd-a232-4900-9070-924b4eb81194)
18:30:33 Result is kept for 600 seconds
18:30:33 home-ubuntu-frappe-bench:long: frappe.utils.background_jobs.execute_job(event=None, is_async=True, job_name='frappe.core.doctype.scheduled_job_type.scheduled_job_type.run_scheduled_jo..., kwargs={'job_type': 'erpnext.setup.doctype.email_digest.email_digest.send'}, method='frappe.core.doctype.scheduled_job_type.scheduled_job_type.run_scheduled_jo..., site='vertical.knestcrm.com', user='Administrator') (e065325e-c6d6-4ce4-ae02-f432d1a7ba2b)
18:30:33 home-ubuntu-frappe-bench:long: Job OK (e065325e-c6d6-4ce4-ae02-f432d1a7ba2b)
18:30:33 Result is kept for 600 seconds
18:30:33 home-ubuntu-frappe-bench:long: frappe.utils.background_jobs.execute_job(event=None, is_async=True, job_name='frappe.core.doctype.scheduled_job_type.scheduled_job_type.run_scheduled_jo..., kwargs={'job_type': 'frappe.integrations.doctype.google_drive.google_drive.daily_b..., method='frappe.core.doctype.scheduled_job_type.scheduled_job_type.run_scheduled_jo..., site='vertical.knestcrm.com', user='Administrator') (609f2886-6cf1-4f35-8eb8-df3a26949fb1)
18:30:34 home-ubuntu-frappe-bench:long: Job OK (609f2886-6cf1-4f35-8eb8-df3a26949fb1)
18:30:34 Result is kept for 600 seconds
18:30:34 home-ubuntu-frappe-bench:long: frappe.utils.background_jobs.execute_job(event=None, is_async=True, job_name='frappe.core.doctype.scheduled_job_type.scheduled_job_type.run_scheduled_jo..., kwargs={'job_type': 'frappe.email.doctype.auto_email_report.auto_email_report.send..., method='frappe.core.doctype.scheduled_job_type.scheduled_job_type.run_scheduled_jo..., site='vertical.knestcrm.com', user='Administrator') (e925e444-d1ba-4ccf-be4b-68f8e1dc00a5)
18:30:34 home-ubuntu-frappe-bench:long: Job OK (e925e444-d1ba-4ccf-be4b-68f8e1dc00a5)
18:30:34 Result is kept for 600 seconds
18:30:34 home-ubuntu-frappe-bench:long: frappe.utils.background_jobs.execute_job(event=None, is_async=True, job_name='frappe.core.doctype.scheduled_job_type.scheduled_job_type.run_scheduled_jo..., kwargs={'job_type': 'frappe.integrations.doctype.s3_backup_settings.s3_backup_sett..., method='frappe.core.doctype.scheduled_job_type.scheduled_job_type.run_scheduled_jo..., site='vertical.knestcrm.com', user='Administrator') (21c96383-a7aa-4eb7-b212-bda6c34f3967)
18:30:34 home-ubuntu-frappe-bench:long: Job OK (21c96383-a7aa-4eb7-b212-bda6c34f3967)
18:30:34 Result is kept for 600 seconds
18:30:34 home-ubuntu-frappe-bench:long: frappe.utils.background_jobs.execute_job(event=None, is_async=True, job_name='frappe.core.doctype.scheduled_job_type.scheduled_job_type.run_scheduled_jo..., kwargs={'job_type': 'frappe.utils.change_log.check_for_update'}, method='frappe.core.doctype.scheduled_job_type.scheduled_job_type.run_scheduled_jo..., site='vertical.knestcrm.com', user='Administrator') (486175d0-9950-4a61-b2e2-f257c5bdf362)
18:30:35 home-ubuntu-frappe-bench:long: Job OK (486175d0-9950-4a61-b2e2-f257c5bdf362)
18:30:35 Result is kept for 600 seconds
18:30:35 home-ubuntu-frappe-bench:long: frappe.utils.background_jobs.execute_job(event=None, is_async=True, job_name='frappe.core.doctype.scheduled_job_type.scheduled_job_type.run_scheduled_jo..., kwargs={'job_type': 'frappe.integrations.doctype.dropbox_settings.dropbox_settings..., method='frappe.core.doctype.scheduled_job_type.scheduled_job_type.run_scheduled_jo..., site='vertical.knestcrm.com', user='Administrator') (d587033f-2405-4c3b-bf62-727380cae313)
18:30:35 home-ubuntu-frappe-bench:long: Job OK (d587033f-2405-4c3b-bf62-727380cae313)
18:30:35 Result is kept for 600 seconds
18:50:50 Cleaning registries for queue: home-ubuntu-frappe-bench:long
19:17:51 Cleaning registries for queue: home-ubuntu-frappe-bench:long
19:30:46 home-ubuntu-frappe-bench:long: frappe.utils.background_jobs.execute_job(event=None, is_async=True, job_name='frappe.core.doctype.scheduled_job_type.scheduled_job_type.run_scheduled_jo..., kwargs={'job_type': 'erpnext.bulk_transaction.doctype.bulk_transaction_log.bulk_tr..., method='frappe.core.doctype.scheduled_job_type.scheduled_job_type.run_scheduled_jo..., site='erp.knestcrm.com', user='Administrator') (7e3db6e2-909d-4b2e-adf4-904616baaf08)
19:30:47 home-ubuntu-frappe-bench:long: Job OK (7e3db6e2-909d-4b2e-adf4-904616baaf08)
19:30:47 Result is kept for 600 seconds
19:30:47 home-ubuntu-frappe-bench:long: frappe.utils.background_jobs.execute_job(event=None, is_async=True, job_name='frappe.core.doctype.scheduled_job_type.scheduled_job_type.run_scheduled_jo..., kwargs={'job_type': 'erpnext.stock.doctype.repost_item_valuation.repost_item_valua..., method='frappe.core.doctype.scheduled_job_type.scheduled_job_type.run_scheduled_jo..., site='erp.knestcrm.com', user='Administrator') (a078281f-34f0-4b3d-b667-90574033eca9)
19:30:47 home-ubuntu-frappe-bench:long: Job OK (a078281f-34f0-4b3d-b667-90574033eca9)
19:30:47 Result is kept for 600 seconds
19:30:47 home-ubuntu-frappe-bench:long: frappe.utils.background_jobs.execute_job(event=None, is_async=True, job_name='frappe.core.doctype.scheduled_job_type.scheduled_job_type.run_scheduled_jo..., kwargs={'job_type': 'erpnext.bulk_transaction.doctype.bulk_transaction_log.bulk_tr..., method='frappe.core.doctype.scheduled_job_type.scheduled_job_type.run_scheduled_jo..., site='vertical.knestcrm.com', user='Administrator') (58108afc-3282-4416-82cc-0d575fe92263)
19:30:47 home-ubuntu-frappe-bench:long: Job OK (58108afc-3282-4416-82cc-0d575fe92263)
19:30:47 Result is kept for 600 seconds
19:30:47 home-ubuntu-frappe-bench:long: frappe.utils.background_jobs.execute_job(event=None, is_async=True, job_name='frappe.core.doctype.scheduled_job_type.scheduled_job_type.run_scheduled_jo..., kwargs={'job_type': 'erpnext.stock.doctype.repost_item_valuation.repost_item_valua..., method='frappe.core.doctype.scheduled_job_type.scheduled_job_type.run_scheduled_jo..., site='vertical.knestcrm.com', user='Administrator') (0fb99859-8ca2-4742-9e9d-fc9f0d84343e)
19:30:48 home-ubuntu-frappe-bench:long: Job OK (0fb99859-8ca2-4742-9e9d-fc9f0d84343e)
19:30:48 Result is kept for 600 seconds
19:44:18 Cleaning registries for queue: home-ubuntu-frappe-bench:long
20:11:18 Cleaning registries for queue: home-ubuntu-frappe-bench:long
20:30:12 home-ubuntu-frappe-bench:long: frappe.utils.background_jobs.execute_job(event=None, is_async=True, job_name='frappe.core.doctype.scheduled_job_type.scheduled_job_type.run_scheduled_jo..., kwargs={'job_type': 'erpnext.bulk_transaction.doctype.bulk_transaction_log.bulk_tr..., method='frappe.core.doctype.scheduled_job_type.scheduled_job_type.run_scheduled_jo..., site='erp.knestcrm.com', user='Administrator') (309630be-0b13-4aa9-987a-663d35df2681)
20:30:12 home-ubuntu-frappe-bench:long: Job OK (309630be-0b13-4aa9-987a-663d35df2681)
20:30:12 Result is kept for 600 seconds
20:30:12 home-ubuntu-frappe-bench:long: frappe.utils.background_jobs.execute_job(event=None, is_async=True, job_name='frappe.core.doctype.scheduled_job_type.scheduled_job_type.run_scheduled_jo..., kwargs={'job_type': 'erpnext.stock.doctype.repost_item_valuation.repost_item_valua..., method='frappe.core.doctype.scheduled_job_type.scheduled_job_type.run_scheduled_jo..., site='erp.knestcrm.com', user='Administrator') (549c36bd-f119-4bc5-ac49-69120de28521)
20:30:12 home-ubuntu-frappe-bench:long: Job OK (549c36bd-f119-4bc5-ac49-69120de28521)
20:30:12 Result is kept for 600 seconds
20:30:12 home-ubuntu-frappe-bench:long: frappe.utils.background_jobs.execute_job(event=None, is_async=True, job_name='frappe.core.doctype.scheduled_job_type.scheduled_job_type.run_scheduled_jo..., kwargs={'job_type': 'erpnext.bulk_transaction.doctype.bulk_transaction_log.bulk_tr..., method='frappe.core.doctype.scheduled_job_type.scheduled_job_type.run_scheduled_jo..., site='vertical.knestcrm.com', user='Administrator') (29c6fc2d-14c8-4873-8ce4-8517f4d9dfb6)
20:30:13 home-ubuntu-frappe-bench:long: Job OK (29c6fc2d-14c8-4873-8ce4-8517f4d9dfb6)
20:30:13 Result is kept for 600 seconds
20:30:13 home-ubuntu-frappe-bench:long: frappe.utils.background_jobs.execute_job(event=None, is_async=True, job_name='frappe.core.doctype.scheduled_job_type.scheduled_job_type.run_scheduled_jo..., kwargs={'job_type': 'erpnext.stock.doctype.repost_item_valuation.repost_item_valua..., method='frappe.core.doctype.scheduled_job_type.scheduled_job_type.run_scheduled_jo..., site='vertical.knestcrm.com', user='Administrator') (5bdc4668-1c3c-4007-96d3-c218fb8501ef)
20:30:13 home-ubuntu-frappe-bench:long: Job OK (5bdc4668-1c3c-4007-96d3-c218fb8501ef)
20:30:13 Result is kept for 600 seconds
20:36:58 Cleaning registries for queue: home-ubuntu-frappe-bench:long
21:03:58 Cleaning registries for queue: home-ubuntu-frappe-bench:long
21:30:37 home-ubuntu-frappe-bench:long: frappe.utils.background_jobs.execute_job(event=None, is_async=True, job_name='frappe.core.doctype.scheduled_job_type.scheduled_job_type.run_scheduled_jo..., kwargs={'job_type': 'erpnext.bulk_transaction.doctype.bulk_transaction_log.bulk_tr..., method='frappe.core.doctype.scheduled_job_type.scheduled_job_type.run_scheduled_jo..., site='erp.knestcrm.com', user='Administrator') (87770674-b173-41e5-b1e9-b20dd4f6f3cc)
21:30:37 home-ubuntu-frappe-bench:long: Job OK (87770674-b173-41e5-b1e9-b20dd4f6f3cc)
21:30:37 Result is kept for 600 seconds
21:30:37 Cleaning registries for queue: home-ubuntu-frappe-bench:long
21:30:37 home-ubuntu-frappe-bench:long: frappe.utils.background_jobs.execute_job(event=None, is_async=True, job_name='frappe.core.doctype.scheduled_job_type.scheduled_job_type.run_scheduled_jo..., kwargs={'job_type': 'erpnext.stock.doctype.repost_item_valuation.repost_item_valua..., method='frappe.core.doctype.scheduled_job_type.scheduled_job_type.run_scheduled_jo..., site='erp.knestcrm.com', user='Administrator') (980e33fc-529c-4aaf-bfae-f8b4bfcf0b97)
21:30:38 home-ubuntu-frappe-bench:long: Job OK (980e33fc-529c-4aaf-bfae-f8b4bfcf0b97)
21:30:38 Result is kept for 600 seconds
21:30:38 home-ubuntu-frappe-bench:long: frappe.utils.background_jobs.execute_job(event=None, is_async=True, job_name='frappe.core.doctype.scheduled_job_type.scheduled_job_type.run_scheduled_jo..., kwargs={'job_type': 'erpnext.bulk_transaction.doctype.bulk_transaction_log.bulk_tr..., method='frappe.core.doctype.scheduled_job_type.scheduled_job_type.run_scheduled_jo..., site='vertical.knestcrm.com', user='Administrator') (d20874ea-dc9a-4346-91f8-f9305295af5e)
21:30:38 home-ubuntu-frappe-bench:long: Job OK (d20874ea-dc9a-4346-91f8-f9305295af5e)
21:30:38 Result is kept for 600 seconds
21:30:38 home-ubuntu-frappe-bench:long: frappe.utils.background_jobs.execute_job(event=None, is_async=True, job_name='frappe.core.doctype.scheduled_job_type.scheduled_job_type.run_scheduled_jo..., kwargs={'job_type': 'erpnext.stock.doctype.repost_item_valuation.repost_item_valua..., method='frappe.core.doctype.scheduled_job_type.scheduled_job_type.run_scheduled_jo..., site='vertical.knestcrm.com', user='Administrator') (2ccfb66c-d67f-4c9f-808a-9a62a504de0f)
21:30:38 home-ubuntu-frappe-bench:long: Job OK (2ccfb66c-d67f-4c9f-808a-9a62a504de0f)
21:30:38 Result is kept for 600 seconds
21:57:39 Cleaning registries for queue: home-ubuntu-frappe-bench:long
22:24:39 Cleaning registries for queue: home-ubuntu-frappe-bench:long
22:30:03 home-ubuntu-frappe-bench:long: frappe.utils.background_jobs.execute_job(event=None, is_async=True, job_name='frappe.core.doctype.scheduled_job_type.scheduled_job_type.run_scheduled_jo..., kwargs={'job_type': 'erpnext.bulk_transaction.doctype.bulk_transaction_log.bulk_tr..., method='frappe.core.doctype.scheduled_job_type.scheduled_job_type.run_scheduled_jo..., site='erp.knestcrm.com', user='Administrator') (a7b3d854-2bad-4799-aa37-9edbc7cec621)
22:30:03 home-ubuntu-frappe-bench:long: Job OK (a7b3d854-2bad-4799-aa37-9edbc7cec621)
22:30:03 Result is kept for 600 seconds
22:30:03 home-ubuntu-frappe-bench:long: frappe.utils.background_jobs.execute_job(event=None, is_async=True, job_name='frappe.core.doctype.scheduled_job_type.scheduled_job_type.run_scheduled_jo..., kwargs={'job_type': 'erpnext.stock.doctype.repost_item_valuation.repost_item_valua..., method='frappe.core.doctype.scheduled_job_type.scheduled_job_type.run_scheduled_jo..., site='erp.knestcrm.com', user='Administrator') (c07b9fd8-7457-4e75-879c-b0cf6f9907de)
22:30:03 home-ubuntu-frappe-bench:long: Job OK (c07b9fd8-7457-4e75-879c-b0cf6f9907de)
22:30:03 Result is kept for 600 seconds
22:30:03 home-ubuntu-frappe-bench:long: frappe.utils.background_jobs.execute_job(event=None, is_async=True, job_name='frappe.core.doctype.scheduled_job_type.scheduled_job_type.run_scheduled_jo..., kwargs={'job_type': 'erpnext.bulk_transaction.doctype.bulk_transaction_log.bulk_tr..., method='frappe.core.doctype.scheduled_job_type.scheduled_job_type.run_scheduled_jo..., site='vertical.knestcrm.com', user='Administrator') (f4aa94d6-257e-42ee-8e86-efef46aac4f6)
22:30:04 home-ubuntu-frappe-bench:long: Job OK (f4aa94d6-257e-42ee-8e86-efef46aac4f6)
22:30:04 Result is kept for 600 seconds
22:30:04 home-ubuntu-frappe-bench:long: frappe.utils.background_jobs.execute_job(event=None, is_async=True, job_name='frappe.core.doctype.scheduled_job_type.scheduled_job_type.run_scheduled_jo..., kwargs={'job_type': 'erpnext.stock.doctype.repost_item_valuation.repost_item_valua..., method='frappe.core.doctype.scheduled_job_type.scheduled_job_type.run_scheduled_jo..., site='vertical.knestcrm.com', user='Administrator') (e03d8324-40bd-41b7-b226-b304be0015f4)
22:30:04 home-ubuntu-frappe-bench:long: Job OK (e03d8324-40bd-41b7-b226-b304be0015f4)
22:30:04 Result is kept for 600 seconds
22:50:19 Cleaning registries for queue: home-ubuntu-frappe-bench:long
23:17:19 Cleaning registries for queue: home-ubuntu-frappe-bench:long
23:30:28 home-ubuntu-frappe-bench:long: frappe.utils.background_jobs.execute_job(event=None, is_async=True, job_name='frappe.core.doctype.scheduled_job_type.scheduled_job_type.run_scheduled_jo..., kwargs={'job_type': 'erpnext.bulk_transaction.doctype.bulk_transaction_log.bulk_tr..., method='frappe.core.doctype.scheduled_job_type.scheduled_job_type.run_scheduled_jo..., site='erp.knestcrm.com', user='Administrator') (71e0b99c-3e7b-4468-8c93-ba08a4fb4be9)
23:30:29 home-ubuntu-frappe-bench:long: Job OK (71e0b99c-3e7b-4468-8c93-ba08a4fb4be9)
23:30:29 Result is kept for 600 seconds
23:30:29 home-ubuntu-frappe-bench:long: frappe.utils.background_jobs.execute_job(event=None, is_async=True, job_name='frappe.core.doctype.scheduled_job_type.scheduled_job_type.run_scheduled_jo..., kwargs={'job_type': 'erpnext.stock.doctype.repost_item_valuation.repost_item_valua..., method='frappe.core.doctype.scheduled_job_type.scheduled_job_type.run_scheduled_jo..., site='erp.knestcrm.com', user='Administrator') (67d7ed79-0634-4312-bed5-46a94c5ff846)
23:30:29 home-ubuntu-frappe-bench:long: Job OK (67d7ed79-0634-4312-bed5-46a94c5ff846)
23:30:29 Result is kept for 600 seconds
23:30:29 home-ubuntu-frappe-bench:long: frappe.utils.background_jobs.execute_job(event=None, is_async=True, job_name='frappe.core.doctype.scheduled_job_type.scheduled_job_type.run_scheduled_jo..., kwargs={'job_type': 'erpnext.bulk_transaction.doctype.bulk_transaction_log.bulk_tr..., method='frappe.core.doctype.scheduled_job_type.scheduled_job_type.run_scheduled_jo..., site='vertical.knestcrm.com', user='Administrator') (337c8c82-97f9-4e06-85dd-e49335494684)
23:30:29 home-ubuntu-frappe-bench:long: Job OK (337c8c82-97f9-4e06-85dd-e49335494684)
23:30:29 Result is kept for 600 seconds
23:30:29 home-ubuntu-frappe-bench:long: frappe.utils.background_jobs.execute_job(event=None, is_async=True, job_name='frappe.core.doctype.scheduled_job_type.scheduled_job_type.run_scheduled_jo..., kwargs={'job_type': 'erpnext.stock.doctype.repost_item_valuation.repost_item_valua..., method='frappe.core.doctype.scheduled_job_type.scheduled_job_type.run_scheduled_jo..., site='vertical.knestcrm.com', user='Administrator') (42e6b1be-9a4b-4de4-989f-0458ea3ab950)
23:30:30 home-ubuntu-frappe-bench:long: Job OK (42e6b1be-9a4b-4de4-989f-0458ea3ab950)
23:30:30 Result is kept for 600 seconds
23:44:00 Cleaning registries for queue: home-ubuntu-frappe-bench:long
00:11:00 Cleaning registries for queue: home-ubuntu-frappe-bench:long
00:30:55 home-ubuntu-frappe-bench:long: frappe.utils.background_jobs.execute_job(event=None, is_async=True, job_name='frappe.core.doctype.scheduled_job_type.scheduled_job_type.run_scheduled_jo..., kwargs={'job_type': 'erpnext.bulk_transaction.doctype.bulk_transaction_log.bulk_tr..., method='frappe.core.doctype.scheduled_job_type.scheduled_job_type.run_scheduled_jo..., site='erp.knestcrm.com', user='Administrator') (4eb50f77-12f7-4aca-9e93-555148b493b3)
00:30:55 home-ubuntu-frappe-bench:long: Job OK (4eb50f77-12f7-4aca-9e93-555148b493b3)
00:30:55 Result is kept for 600 seconds
00:30:55 home-ubuntu-frappe-bench:long: frappe.utils.background_jobs.execute_job(event=None, is_async=True, job_name='frappe.core.doctype.scheduled_job_type.scheduled_job_type.run_scheduled_jo..., kwargs={'job_type': 'erpnext.stock.doctype.repost_item_valuation.repost_item_valua..., method='frappe.core.doctype.scheduled_job_type.scheduled_job_type.run_scheduled_jo..., site='erp.knestcrm.com', user='Administrator') (0fae43ef-6590-4258-bfde-26361e09d847)
00:30:55 home-ubuntu-frappe-bench:long: Job OK (0fae43ef-6590-4258-bfde-26361e09d847)
00:30:55 Result is kept for 600 seconds
00:30:55 home-ubuntu-frappe-bench:long: frappe.utils.background_jobs.execute_job(event=None, is_async=True, job_name='frappe.core.doctype.scheduled_job_type.scheduled_job_type.run_scheduled_jo..., kwargs={'job_type': 'erpnext.bulk_transaction.doctype.bulk_transaction_log.bulk_tr..., method='frappe.core.doctype.scheduled_job_type.scheduled_job_type.run_scheduled_jo..., site='vertical.knestcrm.com', user='Administrator') (bcc81cab-e6b4-4c1e-964f-e1290f8f3282)
00:30:56 home-ubuntu-frappe-bench:long: Job OK (bcc81cab-e6b4-4c1e-964f-e1290f8f3282)
00:30:56 Result is kept for 600 seconds
00:30:56 home-ubuntu-frappe-bench:long: frappe.utils.background_jobs.execute_job(event=None, is_async=True, job_name='frappe.core.doctype.scheduled_job_type.scheduled_job_type.run_scheduled_jo..., kwargs={'job_type': 'erpnext.stock.doctype.repost_item_valuation.repost_item_valua..., method='frappe.core.doctype.scheduled_job_type.scheduled_job_type.run_scheduled_jo..., site='vertical.knestcrm.com', user='Administrator') (e04f1fe9-e082-4159-b4c5-e9679e928d9a)
00:30:56 home-ubuntu-frappe-bench:long: Job OK (e04f1fe9-e082-4159-b4c5-e9679e928d9a)
00:30:56 Result is kept for 600 seconds
00:37:41 Cleaning registries for queue: home-ubuntu-frappe-bench:long
01:04:41 Cleaning registries for queue: home-ubuntu-frappe-bench:long
01:30:20 home-ubuntu-frappe-bench:long: frappe.utils.background_jobs.execute_job(event=None, is_async=True, job_name='frappe.core.doctype.scheduled_job_type.scheduled_job_type.run_scheduled_jo..., kwargs={'job_type': 'erpnext.bulk_transaction.doctype.bulk_transaction_log.bulk_tr..., method='frappe.core.doctype.scheduled_job_type.scheduled_job_type.run_scheduled_jo..., site='erp.knestcrm.com', user='Administrator') (1df23d95-1626-435a-ad93-59a9f7fda283)
01:30:20 home-ubuntu-frappe-bench:long: Job OK (1df23d95-1626-435a-ad93-59a9f7fda283)
01:30:20 Result is kept for 600 seconds
01:30:20 Cleaning registries for queue: home-ubuntu-frappe-bench:long
01:30:20 home-ubuntu-frappe-bench:long: frappe.utils.background_jobs.execute_job(event=None, is_async=True, job_name='frappe.core.doctype.scheduled_job_type.scheduled_job_type.run_scheduled_jo..., kwargs={'job_type': 'erpnext.stock.doctype.repost_item_valuation.repost_item_valua..., method='frappe.core.doctype.scheduled_job_type.scheduled_job_type.run_scheduled_jo..., site='erp.knestcrm.com', user='Administrator') (97572ff8-0502-45a4-9d46-240f7bb9d936)
01:30:21 home-ubuntu-frappe-bench:long: Job OK (97572ff8-0502-45a4-9d46-240f7bb9d936)
01:30:21 Result is kept for 600 seconds
01:30:21 home-ubuntu-frappe-bench:long: frappe.utils.background_jobs.execute_job(event=None, is_async=True, job_name='frappe.core.doctype.scheduled_job_type.scheduled_job_type.run_scheduled_jo..., kwargs={'job_type': 'erpnext.bulk_transaction.doctype.bulk_transaction_log.bulk_tr..., method='frappe.core.doctype.scheduled_job_type.scheduled_job_type.run_scheduled_jo..., site='vertical.knestcrm.com', user='Administrator') (c9c60077-7d85-485c-a1b9-309d4e1eb829)
01:30:21 home-ubuntu-frappe-bench:long: Job OK (c9c60077-7d85-485c-a1b9-309d4e1eb829)
01:30:21 Result is kept for 600 seconds
01:30:21 home-ubuntu-frappe-bench:long: frappe.utils.background_jobs.execute_job(event=None, is_async=True, job_name='frappe.core.doctype.scheduled_job_type.scheduled_job_type.run_scheduled_jo..., kwargs={'job_type': 'erpnext.stock.doctype.repost_item_valuation.repost_item_valua..., method='frappe.core.doctype.scheduled_job_type.scheduled_job_type.run_scheduled_jo..., site='vertical.knestcrm.com', user='Administrator') (44e26c7f-fd0f-441c-9494-930f5dd42be5)
01:30:21 home-ubuntu-frappe-bench:long: Job OK (44e26c7f-fd0f-441c-9494-930f5dd42be5)
01:30:21 Result is kept for 600 seconds
01:57:22 Cleaning registries for queue: home-ubuntu-frappe-bench:long
02:24:22 Cleaning registries for queue: home-ubuntu-frappe-bench:long
02:30:46 home-ubuntu-frappe-bench:long: frappe.utils.background_jobs.execute_job(event=None, is_async=True, job_name='frappe.core.doctype.scheduled_job_type.scheduled_job_type.run_scheduled_jo..., kwargs={'job_type': 'erpnext.bulk_transaction.doctype.bulk_transaction_log.bulk_tr..., method='frappe.core.doctype.scheduled_job_type.scheduled_job_type.run_scheduled_jo..., site='erp.knestcrm.com', user='Administrator') (cd2e2eba-527a-402d-8f17-de0fa6ef0f69)
02:30:46 home-ubuntu-frappe-bench:long: Job OK (cd2e2eba-527a-402d-8f17-de0fa6ef0f69)
02:30:46 Result is kept for 600 seconds
02:30:46 home-ubuntu-frappe-bench:long: frappe.utils.background_jobs.execute_job(event=None, is_async=True, job_name='frappe.core.doctype.scheduled_job_type.scheduled_job_type.run_scheduled_jo..., kwargs={'job_type': 'erpnext.stock.doctype.repost_item_valuation.repost_item_valua..., method='frappe.core.doctype.scheduled_job_type.scheduled_job_type.run_scheduled_jo..., site='erp.knestcrm.com', user='Administrator') (d02f3f30-9c07-4ca1-93d2-0bbf66e74bf4)
02:30:46 home-ubuntu-frappe-bench:long: Job OK (d02f3f30-9c07-4ca1-93d2-0bbf66e74bf4)
02:30:46 Result is kept for 600 seconds
02:30:46 home-ubuntu-frappe-bench:long: frappe.utils.background_jobs.execute_job(event=None, is_async=True, job_name='frappe.core.doctype.scheduled_job_type.scheduled_job_type.run_scheduled_jo..., kwargs={'job_type': 'erpnext.bulk_transaction.doctype.bulk_transaction_log.bulk_tr..., method='frappe.core.doctype.scheduled_job_type.scheduled_job_type.run_scheduled_jo..., site='vertical.knestcrm.com', user='Administrator') (2a445174-2b7a-4886-bfd2-81736570fa65)
02:30:47 home-ubuntu-frappe-bench:long: Job OK (2a445174-2b7a-4886-bfd2-81736570fa65)
02:30:47 Result is kept for 600 seconds
02:30:47 home-ubuntu-frappe-bench:long: frappe.utils.background_jobs.execute_job(event=None, is_async=True, job_name='frappe.core.doctype.scheduled_job_type.scheduled_job_type.run_scheduled_jo..., kwargs={'job_type': 'erpnext.stock.doctype.repost_item_valuation.repost_item_valua..., method='frappe.core.doctype.scheduled_job_type.scheduled_job_type.run_scheduled_jo..., site='vertical.knestcrm.com', user='Administrator') (51b638b2-1856-4782-8c0d-6d99829d20f8)
02:30:47 home-ubuntu-frappe-bench:long: Job OK (51b638b2-1856-4782-8c0d-6d99829d20f8)
02:30:47 Result is kept for 600 seconds
02:51:02 Cleaning registries for queue: home-ubuntu-frappe-bench:long
03:18:02 Cleaning registries for queue: home-ubuntu-frappe-bench:long
03:30:11 home-ubuntu-frappe-bench:long: frappe.utils.background_jobs.execute_job(event=None, is_async=True, job_name='frappe.core.doctype.scheduled_job_type.scheduled_job_type.run_scheduled_jo..., kwargs={'job_type': 'erpnext.bulk_transaction.doctype.bulk_transaction_log.bulk_tr..., method='frappe.core.doctype.scheduled_job_type.scheduled_job_type.run_scheduled_jo..., site='erp.knestcrm.com', user='Administrator') (0d2f22d7-adba-424b-b181-58b954459d7b)
03:30:12 home-ubuntu-frappe-bench:long: Job OK (0d2f22d7-adba-424b-b181-58b954459d7b)
03:30:12 Result is kept for 600 seconds
03:30:12 home-ubuntu-frappe-bench:long: frappe.utils.background_jobs.execute_job(event=None, is_async=True, job_name='frappe.core.doctype.scheduled_job_type.scheduled_job_type.run_scheduled_jo..., kwargs={'job_type': 'erpnext.stock.doctype.repost_item_valuation.repost_item_valua..., method='frappe.core.doctype.scheduled_job_type.scheduled_job_type.run_scheduled_jo..., site='erp.knestcrm.com', user='Administrator') (d6b555e2-e5b7-4985-bd9a-b4acba3e5a7b)
03:30:12 home-ubuntu-frappe-bench:long: Job OK (d6b555e2-e5b7-4985-bd9a-b4acba3e5a7b)
03:30:12 Result is kept for 600 seconds
03:30:12 home-ubuntu-frappe-bench:long: frappe.utils.background_jobs.execute_job(event=None, is_async=True, job_name='frappe.core.doctype.scheduled_job_type.scheduled_job_type.run_scheduled_jo..., kwargs={'job_type': 'erpnext.bulk_transaction.doctype.bulk_transaction_log.bulk_tr..., method='frappe.core.doctype.scheduled_job_type.scheduled_job_type.run_scheduled_jo..., site='vertical.knestcrm.com', user='Administrator') (2ea71933-ae06-4471-ba81-fbb60f72d6b8)
03:30:12 home-ubuntu-frappe-bench:long: Job OK (2ea71933-ae06-4471-ba81-fbb60f72d6b8)
03:30:12 Result is kept for 600 seconds
03:30:12 home-ubuntu-frappe-bench:long: frappe.utils.background_jobs.execute_job(event=None, is_async=True, job_name='frappe.core.doctype.scheduled_job_type.scheduled_job_type.run_scheduled_jo..., kwargs={'job_type': 'erpnext.stock.doctype.repost_item_valuation.repost_item_valua..., method='frappe.core.doctype.scheduled_job_type.scheduled_job_type.run_scheduled_jo..., site='vertical.knestcrm.com', user='Administrator') (2162244d-9d75-40d3-9ffc-1776beff6a03)
03:30:13 home-ubuntu-frappe-bench:long: Job OK (2162244d-9d75-40d3-9ffc-1776beff6a03)
03:30:13 Result is kept for 600 seconds
03:43:43 Cleaning registries for queue: home-ubuntu-frappe-bench:long
04:10:43 Cleaning registries for queue: home-ubuntu-frappe-bench:long
04:30:37 home-ubuntu-frappe-bench:long: frappe.utils.background_jobs.execute_job(event=None, is_async=True, job_name='frappe.core.doctype.scheduled_job_type.scheduled_job_type.run_scheduled_jo..., kwargs={'job_type': 'erpnext.bulk_transaction.doctype.bulk_transaction_log.bulk_tr..., method='frappe.core.doctype.scheduled_job_type.scheduled_job_type.run_scheduled_jo..., site='erp.knestcrm.com', user='Administrator') (34a19ba4-0f78-4fe1-8f14-1d192c74044f)
04:30:37 home-ubuntu-frappe-bench:long: Job OK (34a19ba4-0f78-4fe1-8f14-1d192c74044f)
04:30:37 Result is kept for 600 seconds
04:30:37 home-ubuntu-frappe-bench:long: frappe.utils.background_jobs.execute_job(event=None, is_async=True, job_name='frappe.core.doctype.scheduled_job_type.scheduled_job_type.run_scheduled_jo..., kwargs={'job_type': 'erpnext.stock.doctype.repost_item_valuation.repost_item_valua..., method='frappe.core.doctype.scheduled_job_type.scheduled_job_type.run_scheduled_jo..., site='erp.knestcrm.com', user='Administrator') (10740878-75b2-432f-893b-451a14867972)
04:30:38 home-ubuntu-frappe-bench:long: Job OK (10740878-75b2-432f-893b-451a14867972)
04:30:38 Result is kept for 600 seconds
04:30:38 home-ubuntu-frappe-bench:long: frappe.utils.background_jobs.execute_job(event=None, is_async=True, job_name='frappe.core.doctype.scheduled_job_type.scheduled_job_type.run_scheduled_jo..., kwargs={'job_type': 'erpnext.bulk_transaction.doctype.bulk_transaction_log.bulk_tr..., method='frappe.core.doctype.scheduled_job_type.scheduled_job_type.run_scheduled_jo..., site='vertical.knestcrm.com', user='Administrator') (906502c1-e6cc-41c2-a2fc-1f061dc55351)
04:30:38 home-ubuntu-frappe-bench:long: Job OK (906502c1-e6cc-41c2-a2fc-1f061dc55351)
04:30:38 Result is kept for 600 seconds
04:30:38 home-ubuntu-frappe-bench:long: frappe.utils.background_jobs.execute_job(event=None, is_async=True, job_name='frappe.core.doctype.scheduled_job_type.scheduled_job_type.run_scheduled_jo..., kwargs={'job_type': 'erpnext.stock.doctype.repost_item_valuation.repost_item_valua..., method='frappe.core.doctype.scheduled_job_type.scheduled_job_type.run_scheduled_jo..., site='vertical.knestcrm.com', user='Administrator') (b34ad4f3-c9d4-4e0e-bf0a-6ba32788bfa0)
04:30:38 home-ubuntu-frappe-bench:long: Job OK (b34ad4f3-c9d4-4e0e-bf0a-6ba32788bfa0)
04:30:38 Result is kept for 600 seconds
04:37:23 Cleaning registries for queue: home-ubuntu-frappe-bench:long
05:04:24 Cleaning registries for queue: home-ubuntu-frappe-bench:long
05:30:03 home-ubuntu-frappe-bench:long: frappe.utils.background_jobs.execute_job(event=None, is_async=True, job_name='frappe.core.doctype.scheduled_job_type.scheduled_job_type.run_scheduled_jo..., kwargs={'job_type': 'erpnext.bulk_transaction.doctype.bulk_transaction_log.bulk_tr..., method='frappe.core.doctype.scheduled_job_type.scheduled_job_type.run_scheduled_jo..., site='erp.knestcrm.com', user='Administrator') (85a67ecc-55c4-4ef2-bc33-9c884be567f3)
05:30:03 home-ubuntu-frappe-bench:long: Job OK (85a67ecc-55c4-4ef2-bc33-9c884be567f3)
05:30:03 Result is kept for 600 seconds
05:30:03 Cleaning registries for queue: home-ubuntu-frappe-bench:long
05:30:03 home-ubuntu-frappe-bench:long: frappe.utils.background_jobs.execute_job(event=None, is_async=True, job_name='frappe.core.doctype.scheduled_job_type.scheduled_job_type.run_scheduled_jo..., kwargs={'job_type': 'erpnext.stock.doctype.repost_item_valuation.repost_item_valua..., method='frappe.core.doctype.scheduled_job_type.scheduled_job_type.run_scheduled_jo..., site='erp.knestcrm.com', user='Administrator') (6c7bd5c3-c8bd-4e90-a750-c43b656ca487)
05:30:03 home-ubuntu-frappe-bench:long: Job OK (6c7bd5c3-c8bd-4e90-a750-c43b656ca487)
05:30:03 Result is kept for 600 seconds
05:30:03 home-ubuntu-frappe-bench:long: frappe.utils.background_jobs.execute_job(event=None, is_async=True, job_name='frappe.core.doctype.scheduled_job_type.scheduled_job_type.run_scheduled_jo..., kwargs={'job_type': 'erpnext.bulk_transaction.doctype.bulk_transaction_log.bulk_tr..., method='frappe.core.doctype.scheduled_job_type.scheduled_job_type.run_scheduled_jo..., site='vertical.knestcrm.com', user='Administrator') (02b377f5-0fdb-4ab8-bec7-86aa1ddcc405)
05:30:04 home-ubuntu-frappe-bench:long: Job OK (02b377f5-0fdb-4ab8-bec7-86aa1ddcc405)
05:30:04 Result is kept for 600 seconds
05:30:04 home-ubuntu-frappe-bench:long: frappe.utils.background_jobs.execute_job(event=None, is_async=True, job_name='frappe.core.doctype.scheduled_job_type.scheduled_job_type.run_scheduled_jo..., kwargs={'job_type': 'erpnext.stock.doctype.repost_item_valuation.repost_item_valua..., method='frappe.core.doctype.scheduled_job_type.scheduled_job_type.run_scheduled_jo..., site='vertical.knestcrm.com', user='Administrator') (6b6d6818-6992-4797-acfa-8a090cf4647b)
05:30:04 home-ubuntu-frappe-bench:long: Job OK (6b6d6818-6992-4797-acfa-8a090cf4647b)
05:30:04 Result is kept for 600 seconds
05:57:04 Cleaning registries for queue: home-ubuntu-frappe-bench:long
06:24:05 Cleaning registries for queue: home-ubuntu-frappe-bench:long
06:30:29 home-ubuntu-frappe-bench:long: frappe.utils.background_jobs.execute_job(event=None, is_async=True, job_name='frappe.core.doctype.scheduled_job_type.scheduled_job_type.run_scheduled_jo..., kwargs={'job_type': 'erpnext.bulk_transaction.doctype.bulk_transaction_log.bulk_tr..., method='frappe.core.doctype.scheduled_job_type.scheduled_job_type.run_scheduled_jo..., site='erp.knestcrm.com', user='Administrator') (41ea46f9-511d-470f-a69d-5e99fb3fef45)
06:30:29 home-ubuntu-frappe-bench:long: Job OK (41ea46f9-511d-470f-a69d-5e99fb3fef45)
06:30:29 Result is kept for 600 seconds
06:30:29 home-ubuntu-frappe-bench:long: frappe.utils.background_jobs.execute_job(event=None, is_async=True, job_name='frappe.core.doctype.scheduled_job_type.scheduled_job_type.run_scheduled_jo..., kwargs={'job_type': 'erpnext.stock.doctype.repost_item_valuation.repost_item_valua..., method='frappe.core.doctype.scheduled_job_type.scheduled_job_type.run_scheduled_jo..., site='erp.knestcrm.com', user='Administrator') (0c10edc3-3be4-4e02-907c-fcf89a65f75e)
06:30:30 home-ubuntu-frappe-bench:long: Job OK (0c10edc3-3be4-4e02-907c-fcf89a65f75e)
06:30:30 Result is kept for 600 seconds
06:30:30 home-ubuntu-frappe-bench:long: frappe.utils.background_jobs.execute_job(event=None, is_async=True, job_name='frappe.core.doctype.scheduled_job_type.scheduled_job_type.run_scheduled_jo..., kwargs={'job_type': 'erpnext.bulk_transaction.doctype.bulk_transaction_log.bulk_tr..., method='frappe.core.doctype.scheduled_job_type.scheduled_job_type.run_scheduled_jo..., site='vertical.knestcrm.com', user='Administrator') (324b9611-a86a-4c1c-a377-2194b054cc9a)
06:30:30 home-ubuntu-frappe-bench:long: Job OK (324b9611-a86a-4c1c-a377-2194b054cc9a)
06:30:30 Result is kept for 600 seconds
06:30:30 home-ubuntu-frappe-bench:long: frappe.utils.background_jobs.execute_job(event=None, is_async=True, job_name='frappe.core.doctype.scheduled_job_type.scheduled_job_type.run_scheduled_jo..., kwargs={'job_type': 'erpnext.stock.doctype.repost_item_valuation.repost_item_valua..., method='frappe.core.doctype.scheduled_job_type.scheduled_job_type.run_scheduled_jo..., site='vertical.knestcrm.com', user='Administrator') (be8388c8-bda7-462b-92a1-dc9d50dad28e)
06:30:31 home-ubuntu-frappe-bench:long: Job OK (be8388c8-bda7-462b-92a1-dc9d50dad28e)
06:30:31 Result is kept for 600 seconds
06:50:46 Cleaning registries for queue: home-ubuntu-frappe-bench:long
07:17:46 Cleaning registries for queue: home-ubuntu-frappe-bench:long
07:30:55 home-ubuntu-frappe-bench:long: frappe.utils.background_jobs.execute_job(event=None, is_async=True, job_name='frappe.core.doctype.scheduled_job_type.scheduled_job_type.run_scheduled_jo..., kwargs={'job_type': 'erpnext.bulk_transaction.doctype.bulk_transaction_log.bulk_tr..., method='frappe.core.doctype.scheduled_job_type.scheduled_job_type.run_scheduled_jo..., site='erp.knestcrm.com', user='Administrator') (de5d5fe1-7b37-4e46-afde-090664e31d5a)
07:30:55 home-ubuntu-frappe-bench:long: Job OK (de5d5fe1-7b37-4e46-afde-090664e31d5a)
07:30:55 Result is kept for 600 seconds
07:30:55 home-ubuntu-frappe-bench:long: frappe.utils.background_jobs.execute_job(event=None, is_async=True, job_name='frappe.core.doctype.scheduled_job_type.scheduled_job_type.run_scheduled_jo..., kwargs={'job_type': 'erpnext.stock.doctype.repost_item_valuation.repost_item_valua..., method='frappe.core.doctype.scheduled_job_type.scheduled_job_type.run_scheduled_jo..., site='erp.knestcrm.com', user='Administrator') (a5ef47d6-45bb-4117-bf16-821d118762b0)
07:30:56 home-ubuntu-frappe-bench:long: Job OK (a5ef47d6-45bb-4117-bf16-821d118762b0)
07:30:56 Result is kept for 600 seconds
07:30:56 home-ubuntu-frappe-bench:long: frappe.utils.background_jobs.execute_job(event=None, is_async=True, job_name='frappe.core.doctype.scheduled_job_type.scheduled_job_type.run_scheduled_jo..., kwargs={'job_type': 'erpnext.bulk_transaction.doctype.bulk_transaction_log.bulk_tr..., method='frappe.core.doctype.scheduled_job_type.scheduled_job_type.run_scheduled_jo..., site='vertical.knestcrm.com', user='Administrator') (031e7294-c58f-4c2c-8de1-7395c1698ca8)
07:30:56 home-ubuntu-frappe-bench:long: Job OK (031e7294-c58f-4c2c-8de1-7395c1698ca8)
07:30:56 Result is kept for 600 seconds
07:30:56 home-ubuntu-frappe-bench:long: frappe.utils.background_jobs.execute_job(event=None, is_async=True, job_name='frappe.core.doctype.scheduled_job_type.scheduled_job_type.run_scheduled_jo..., kwargs={'job_type': 'erpnext.stock.doctype.repost_item_valuation.repost_item_valua..., method='frappe.core.doctype.scheduled_job_type.scheduled_job_type.run_scheduled_jo..., site='vertical.knestcrm.com', user='Administrator') (2095b57d-2065-4da9-9a79-64b0b3b8da23)
07:30:56 home-ubuntu-frappe-bench:long: Job OK (2095b57d-2065-4da9-9a79-64b0b3b8da23)
07:30:56 Result is kept for 600 seconds
07:44:27 Cleaning registries for queue: home-ubuntu-frappe-bench:long
08:11:27 Cleaning registries for queue: home-ubuntu-frappe-bench:long
08:30:20 home-ubuntu-frappe-bench:long: frappe.utils.background_jobs.execute_job(event=None, is_async=True, job_name='frappe.core.doctype.scheduled_job_type.scheduled_job_type.run_scheduled_jo..., kwargs={'job_type': 'erpnext.bulk_transaction.doctype.bulk_transaction_log.bulk_tr..., method='frappe.core.doctype.scheduled_job_type.scheduled_job_type.run_scheduled_jo..., site='erp.knestcrm.com', user='Administrator') (92471a5c-779e-4266-b197-10aa51b0d6e9)
08:30:21 home-ubuntu-frappe-bench:long: Job OK (92471a5c-779e-4266-b197-10aa51b0d6e9)
08:30:21 Result is kept for 600 seconds
08:30:21 home-ubuntu-frappe-bench:long: frappe.utils.background_jobs.execute_job(event=None, is_async=True, job_name='frappe.core.doctype.scheduled_job_type.scheduled_job_type.run_scheduled_jo..., kwargs={'job_type': 'erpnext.stock.doctype.repost_item_valuation.repost_item_valua..., method='frappe.core.doctype.scheduled_job_type.scheduled_job_type.run_scheduled_jo..., site='erp.knestcrm.com', user='Administrator') (1c626b5b-974c-4125-be8e-62eeb0c2fadd)
08:30:21 home-ubuntu-frappe-bench:long: Job OK (1c626b5b-974c-4125-be8e-62eeb0c2fadd)
08:30:21 Result is kept for 600 seconds
08:30:21 home-ubuntu-frappe-bench:long: frappe.utils.background_jobs.execute_job(event=None, is_async=True, job_name='frappe.core.doctype.scheduled_job_type.scheduled_job_type.run_scheduled_jo..., kwargs={'job_type': 'erpnext.bulk_transaction.doctype.bulk_transaction_log.bulk_tr..., method='frappe.core.doctype.scheduled_job_type.scheduled_job_type.run_scheduled_jo..., site='vertical.knestcrm.com', user='Administrator') (dcbc22b7-6172-42a2-aa11-2b1857ad972f)
08:30:22 home-ubuntu-frappe-bench:long: Job OK (dcbc22b7-6172-42a2-aa11-2b1857ad972f)
08:30:22 Result is kept for 600 seconds
08:30:22 home-ubuntu-frappe-bench:long: frappe.utils.background_jobs.execute_job(event=None, is_async=True, job_name='frappe.core.doctype.scheduled_job_type.scheduled_job_type.run_scheduled_jo..., kwargs={'job_type': 'erpnext.stock.doctype.repost_item_valuation.repost_item_valua..., method='frappe.core.doctype.scheduled_job_type.scheduled_job_type.run_scheduled_jo..., site='vertical.knestcrm.com', user='Administrator') (408539ee-7fe4-4eb7-8f23-37822422effa)
08:30:22 home-ubuntu-frappe-bench:long: Job OK (408539ee-7fe4-4eb7-8f23-37822422effa)
08:30:22 Result is kept for 600 seconds
08:37:07 Cleaning registries for queue: home-ubuntu-frappe-bench:long
09:04:07 Cleaning registries for queue: home-ubuntu-frappe-bench:long
09:30:47 home-ubuntu-frappe-bench:long: frappe.utils.background_jobs.execute_job(event=None, is_async=True, job_name='frappe.core.doctype.scheduled_job_type.scheduled_job_type.run_scheduled_jo..., kwargs={'job_type': 'erpnext.bulk_transaction.doctype.bulk_transaction_log.bulk_tr..., method='frappe.core.doctype.scheduled_job_type.scheduled_job_type.run_scheduled_jo..., site='erp.knestcrm.com', user='Administrator') (82b12eff-2797-4252-b33d-89326126652c)
09:30:47 home-ubuntu-frappe-bench:long: Job OK (82b12eff-2797-4252-b33d-89326126652c)
09:30:47 Result is kept for 600 seconds
09:30:47 Cleaning registries for queue: home-ubuntu-frappe-bench:long
09:30:47 home-ubuntu-frappe-bench:long: frappe.utils.background_jobs.execute_job(event=None, is_async=True, job_name='frappe.core.doctype.scheduled_job_type.scheduled_job_type.run_scheduled_jo..., kwargs={'job_type': 'erpnext.stock.doctype.repost_item_valuation.repost_item_valua..., method='frappe.core.doctype.scheduled_job_type.scheduled_job_type.run_scheduled_jo..., site='erp.knestcrm.com', user='Administrator') (2d4009b2-3b47-484d-9c5e-a2bd0fc2824e)
09:30:47 home-ubuntu-frappe-bench:long: Job OK (2d4009b2-3b47-484d-9c5e-a2bd0fc2824e)
09:30:47 Result is kept for 600 seconds
09:30:47 home-ubuntu-frappe-bench:long: frappe.utils.background_jobs.execute_job(event=None, is_async=True, job_name='frappe.core.doctype.scheduled_job_type.scheduled_job_type.run_scheduled_jo..., kwargs={'job_type': 'erpnext.bulk_transaction.doctype.bulk_transaction_log.bulk_tr..., method='frappe.core.doctype.scheduled_job_type.scheduled_job_type.run_scheduled_jo..., site='vertical.knestcrm.com', user='Administrator') (457dd07f-3fea-4905-978a-7f37cebe1d7d)
09:30:48 home-ubuntu-frappe-bench:long: Job OK (457dd07f-3fea-4905-978a-7f37cebe1d7d)
09:30:48 Result is kept for 600 seconds
09:30:48 home-ubuntu-frappe-bench:long: frappe.utils.background_jobs.execute_job(event=None, is_async=True, job_name='frappe.core.doctype.scheduled_job_type.scheduled_job_type.run_scheduled_jo..., kwargs={'job_type': 'erpnext.stock.doctype.repost_item_valuation.repost_item_valua..., method='frappe.core.doctype.scheduled_job_type.scheduled_job_type.run_scheduled_jo..., site='vertical.knestcrm.com', user='Administrator') (8664b883-4064-4db6-85db-67fc7f4c9b82)
09:30:48 home-ubuntu-frappe-bench:long: Job OK (8664b883-4064-4db6-85db-67fc7f4c9b82)
09:30:48 Result is kept for 600 seconds
09:57:48 Cleaning registries for queue: home-ubuntu-frappe-bench:long
10:24:48 Cleaning registries for queue: home-ubuntu-frappe-bench:long
